<?xml version="1.0" encoding="UTF-8"?>
<testng-results ignored="0" total="1" passed="1" failed="0" skipped="0">
  <reporter-output>
  </reporter-output>
  <suite started-at="2020-08-31T21:55:37 BDT" name="Default suite" finished-at="2020-08-31T21:55:51 BDT" duration-ms="14609">
    <groups>
    </groups>
    <test started-at="2020-08-31T21:55:37 BDT" name="Default test" finished-at="2020-08-31T21:55:51 BDT" duration-ms="14609">
      <class name="maven.demo.FirstTest">
        <test-method signature="testFirst()[pri:0, instance:maven.demo.FirstTest@5db250b4]" started-at="2020-08-31T21:55:37 BDT" name="testFirst" finished-at="2020-08-31T21:55:51 BDT" duration-ms="14470" status="PASS">
          <reporter-output>
          </reporter-output>
        </test-method> <!-- testFirst -->
      </class> <!-- maven.demo.FirstTest -->
    </test> <!-- Default test -->
  </suite> <!-- Default suite -->
</testng-results>
