<?xml version="1.0" encoding="UTF-8"?>
<testng-results skipped="0" failed="0" ignored="0" total="1" passed="1">
  <reporter-output>
  </reporter-output>
  <suite name="Default suite" duration-ms="18038" started-at="2020-08-30T13:34:36 BDT" finished-at="2020-08-30T13:34:54 BDT">
    <groups>
    </groups>
    <test name="Default test" duration-ms="18038" started-at="2020-08-30T13:34:36 BDT" finished-at="2020-08-30T13:34:54 BDT">
      <class name="com.testNG.BasicTest">
        <test-method status="PASS" signature="f()[pri:0, instance:com.testNG.BasicTest@7a1ebcd8]" name="f" duration-ms="17939" started-at="2020-08-30T13:34:36 BDT" finished-at="2020-08-30T13:34:54 BDT">
          <reporter-output>
          </reporter-output>
        </test-method> <!-- f -->
      </class> <!-- com.testNG.BasicTest -->
    </test> <!-- Default test -->
  </suite> <!-- Default suite -->
</testng-results>
